2024-03-17 00:38:33,586 - [INFO | session_practica3.py:20 > Зашел новый пользователь l3tp8aCiZSFrTfCzAAAB
2024-03-17 00:38:33,587 - [INFO | session_practica3.py:21 > Полный список пользователей ['l3tp8aCiZSFrTfCzAAAB']
2024-03-17 00:38:35,183 - [INFO | session_practica3.py:20 > Зашел новый пользователь chcoq17Y_uahAkh9AAAD
2024-03-17 00:38:35,183 - [INFO | session_practica3.py:21 > Полный список пользователей ['l3tp8aCiZSFrTfCzAAAB', 'chcoq17Y_uahAkh9AAAD']
2024-03-17 00:38:36,776 - [INFO | session_practica3.py:20 > Зашел новый пользователь EDh7HSFvdwq93a0yAAAF
2024-03-17 00:38:36,776 - [INFO | session_practica3.py:21 > Полный список пользователей ['l3tp8aCiZSFrTfCzAAAB', 'chcoq17Y_uahAkh9AAAD', 'EDh7HSFvdwq93a0yAAAF']
2024-03-17 00:38:41,035 - [INFO | session_practica3.py:31 > Обработчик входа в комнату
2024-03-17 00:38:41,036 - [INFO | session_practica3.py:43 > Добавляем пользователю комнату в сессию
2024-03-17 00:39:43,681 - [INFO | session_practica3.py:31 > Обработчик входа в комнату
2024-03-17 00:39:43,682 - [INFO | session_practica3.py:43 > Добавляем пользователю комнату в сессию
2024-03-17 00:40:01,093 - [INFO | session_practica3.py:25 > Пользователь покинул нас
2024-03-17 00:40:01,093 - [INFO | session_practica3.py:25 > Пользователь покинул нас
2024-03-17 00:40:01,094 - [INFO | session_practica3.py:25 > Пользователь покинул нас
2024-03-17 00:40:40,796 - [INFO | session_practica3.py:20 > Зашел новый пользователь rqGwvCzG8inacHYfAAAB
2024-03-17 00:40:40,797 - [INFO | session_practica3.py:21 > Полный список пользователей ['rqGwvCzG8inacHYfAAAB']
2024-03-17 00:40:42,237 - [INFO | session_practica3.py:20 > Зашел новый пользователь h5m3yVkpyKNA7WwZAAAD
2024-03-17 00:40:42,237 - [INFO | session_practica3.py:21 > Полный список пользователей ['rqGwvCzG8inacHYfAAAB', 'h5m3yVkpyKNA7WwZAAAD']
2024-03-17 00:40:43,501 - [INFO | session_practica3.py:31 > Обработчик входа в комнату
2024-03-17 00:40:43,501 - [INFO | session_practica3.py:44 > Добавляем пользователю комнату в сессию
2024-03-17 00:41:19,032 - [INFO | session_practica3.py:31 > Обработчик входа в комнату
2024-03-17 00:41:19,032 - [INFO | session_practica3.py:44 > Добавляем пользователю комнату в сессию
2024-03-17 00:41:26,860 - [INFO | session_practica3.py:25 > Пользователь покинул нас
2024-03-17 00:41:26,860 - [INFO | session_practica3.py:25 > Пользователь покинул нас
2024-03-17 00:42:00,035 - [INFO | session_practica3.py:20 > Зашел новый пользователь WG06sqv9Lk0sHrLWAAAB
2024-03-17 00:42:00,035 - [INFO | session_practica3.py:21 > Полный список пользователей ['WG06sqv9Lk0sHrLWAAAB']
2024-03-17 00:42:02,314 - [INFO | session_practica3.py:20 > Зашел новый пользователь CQwKgV0OTK5aZuH5AAAD
2024-03-17 00:42:02,314 - [INFO | session_practica3.py:21 > Полный список пользователей ['WG06sqv9Lk0sHrLWAAAB', 'CQwKgV0OTK5aZuH5AAAD']
2024-03-17 00:42:03,253 - [INFO | session_practica3.py:31 > Обработчик входа в комнату
2024-03-17 00:42:03,253 - [INFO | session_practica3.py:45 > Добавляем пользователю комнату в сессию
2024-03-17 00:42:16,437 - [INFO | session_practica3.py:31 > Обработчик входа в комнату
2024-03-17 00:42:16,437 - [INFO | session_practica3.py:45 > Добавляем пользователю комнату в сессию
2024-03-17 00:42:23,109 - [INFO | session_practica3.py:25 > Пользователь покинул нас
2024-03-17 00:42:23,110 - [INFO | session_practica3.py:25 > Пользователь покинул нас
2024-03-17 00:42:38,833 - [INFO | session_practica3.py:20 > Зашел новый пользователь c7MiLgzP3la8tXYiAAAB
2024-03-17 00:42:38,833 - [INFO | session_practica3.py:21 > Полный список пользователей ['c7MiLgzP3la8tXYiAAAB']
2024-03-17 00:42:40,002 - [INFO | session_practica3.py:31 > Обработчик входа в комнату
2024-03-17 00:42:40,003 - [INFO | session_practica3.py:45 > Добавляем пользователю комнату в сессию
2024-03-17 00:42:44,096 - [INFO | session_practica3.py:20 > Зашел новый пользователь pF0zy524FxjPKEclAAAD
2024-03-17 00:42:44,096 - [INFO | session_practica3.py:21 > Полный список пользователей ['c7MiLgzP3la8tXYiAAAB', 'pF0zy524FxjPKEclAAAD']
2024-03-17 00:42:46,954 - [INFO | session_practica3.py:31 > Обработчик входа в комнату
2024-03-17 00:42:46,954 - [INFO | session_practica3.py:51 > Это уже чья-то комната так что мы просто зайдем
2024-03-17 00:43:08,157 - [INFO | session_practica3.py:25 > Пользователь покинул нас
2024-03-17 00:43:08,157 - [INFO | session_practica3.py:25 > Пользователь покинул нас
2024-03-17 00:44:04,748 - [INFO | session_practica3.py:20 > Зашел новый пользователь mPlnDkS90907a3kJAAAB
2024-03-17 00:44:04,749 - [INFO | session_practica3.py:21 > Полный список пользователей ['mPlnDkS90907a3kJAAAB']
2024-03-17 00:44:06,480 - [INFO | session_practica3.py:20 > Зашел новый пользователь CrEDdxq1jb_gxPfJAAAD
2024-03-17 00:44:06,480 - [INFO | session_practica3.py:21 > Полный список пользователей ['mPlnDkS90907a3kJAAAB', 'CrEDdxq1jb_gxPfJAAAD']
2024-03-17 00:44:08,377 - [INFO | session_practica3.py:20 > Зашел новый пользователь jRkokzv9a4YLbZoIAAAF
2024-03-17 00:44:08,377 - [INFO | session_practica3.py:21 > Полный список пользователей ['mPlnDkS90907a3kJAAAB', 'CrEDdxq1jb_gxPfJAAAD', 'jRkokzv9a4YLbZoIAAAF']
2024-03-17 00:44:14,564 - [INFO | session_practica3.py:31 > Обработчик входа в комнату
2024-03-17 00:44:14,565 - [INFO | session_practica3.py:45 > Добавляем пользователю комнату в сессию
2024-03-17 00:44:20,781 - [INFO | session_practica3.py:31 > Обработчик входа в комнату
2024-03-17 00:44:20,782 - [INFO | session_practica3.py:52 > Это уже чья-то комната так что мы просто зайдем
2024-03-17 01:05:14,245 - [INFO | session_practica3.py:25 > Пользователь покинул нас
2024-03-17 01:05:14,247 - [INFO | session_practica3.py:25 > Пользователь покинул нас
2024-03-17 01:05:14,247 - [INFO | session_practica3.py:25 > Пользователь покинул нас
