2024-03-16 18:26:47,659 - [INFO | session_base_ex.py:15 > Клиент uRS9iWCLZxft0_vhAAAB подключен
2024-03-16 18:26:52,986 - [INFO | session_base_ex.py:15 > Клиент 7TXAEJ3x65YR1tfPAAAD подключен
2024-03-16 18:26:54,650 - [INFO | session_base_ex.py:15 > Клиент ET0rWWgNUOpHgrD_AAAF подключен
2024-03-16 18:27:33,605 - [INFO | session_base_ex.py:25 > Пользователь AlexPorker присоединился
2024-03-16 18:28:12,070 - [INFO | session_base_ex.py:31 > Пользователь AlexPorker пишет в чат WordUp bich
2024-03-16 18:28:21,351 - [INFO | session_base_ex.py:19 > Клиент uRS9iWCLZxft0_vhAAAB отключен
2024-03-16 18:28:21,353 - [INFO | session_base_ex.py:19 > Клиент 7TXAEJ3x65YR1tfPAAAD отключен
2024-03-16 18:28:21,353 - [INFO | session_base_ex.py:19 > Клиент ET0rWWgNUOpHgrD_AAAF отключен
2024-03-16 18:47:01,333 - [INFO | session_practica.py:16 > Создали сессию чуваку и установили в нее значение
2024-03-16 18:47:03,089 - [INFO | session_practica.py:16 > Создали сессию чуваку и установили в нее значение
2024-03-16 18:47:05,506 - [INFO | session_practica.py:16 > Создали сессию чуваку и установили в нее значение
2024-03-16 18:49:08,215 - [INFO | session_practica.py:16 > Создали сессию чуваку и установили в нее значение
2024-03-16 18:49:10,368 - [INFO | session_practica.py:16 > Создали сессию чуваку и установили в нее значение
2024-03-16 18:49:12,404 - [INFO | session_practica.py:16 > Создали сессию чуваку и установили в нее значение
2024-03-16 18:54:39,453 - [INFO | session_practica.py:16 > Создали сессию чуваку и установили в нее значение
2024-03-16 18:54:41,836 - [INFO | session_practica.py:16 > Создали сессию чуваку и установили в нее значение
2024-03-16 18:54:43,622 - [INFO | session_practica.py:16 > Создали сессию чуваку и установили в нее значение
2024-03-16 19:01:58,905 - [INFO | session_practica.py:16 > Создали сессию чуваку и установили в нее значение
2024-03-16 19:02:03,203 - [INFO | session_practica.py:16 > Создали сессию чуваку и установили в нее значение
2024-03-16 19:02:05,438 - [INFO | session_practica.py:16 > Создали сессию чуваку и установили в нее значение
2024-03-16 19:04:44,679 - [INFO | session_practica.py:16 > Создали сессию чуваку и установили в нее значение
2024-03-16 19:04:46,503 - [INFO | session_practica.py:16 > Создали сессию чуваку и установили в нее значение
2024-03-16 19:04:48,047 - [INFO | session_practica.py:16 > Создали сессию чуваку и установили в нее значение
2024-03-16 19:04:49,831 - [INFO | session_practica.py:26 > ОТПРВЛЕНО СООБЩЕНИЦ: 1
