2024-03-13 00:36:57,829 - [INFO | ex5.py:13 > Создаем сокет сервер
2024-03-13 00:36:57,833 - [INFO | ex5.py:16 > Создаем экземпляр Flask приложения
2024-03-13 00:36:57,834 - [INFO | ex5.py:19 > Создаем wsgi приложение
2024-03-13 00:37:11,640 - [INFO | ex5.py:13 > Создаем сокет сервер
2024-03-13 00:37:11,644 - [INFO | ex5.py:16 > Создаем экземпляр Flask приложения
2024-03-13 00:37:11,645 - [INFO | ex5.py:19 > Создаем wsgi приложение
2024-03-13 00:37:11,645 - [INFO | ex5.py:34 > Запускаем веб сокет и фласк
2024-03-13 00:37:29,183 - [INFO | ex5.py:13 > Создаем сокет сервер
2024-03-13 00:37:29,186 - [INFO | ex5.py:16 > Создаем экземпляр Flask приложения
2024-03-13 00:37:29,187 - [INFO | ex5.py:19 > Создаем wsgi приложение
2024-03-13 00:37:29,187 - [INFO | ex5.py:34 > Запускаем веб сокет и фласк
2024-03-13 00:45:29,956 - [INFO | ex6.py:12 > Создаем экземпляр FastAPI приложения
2024-03-13 00:45:29,956 - [INFO | ex6.py:15 > Создаем экзмпляр SocketIO с поддержкой асинхронного режима
2024-03-13 00:45:29,956 - [INFO | ex6.py:18 > Оборачиваем FastAPI в SocketIO ASGI приложение
2024-03-13 19:08:19,563 - [INFO | ex7.py:10 > Инициализируем FastApp приложение
2024-03-13 19:08:19,563 - [INFO | ex7.py:12 > Инициализируем серве socketio
2024-03-13 19:08:19,563 - [INFO | ex7.py:14 > Инициализируем asgi приложение socketio
2024-03-13 19:08:19,563 - [INFO | ex7.py:17 > Создаем счетчик пользователей
2024-03-13 19:08:37,620 - [INFO | ex7.py:10 > Инициализируем FastApp приложение
2024-03-13 19:08:37,621 - [INFO | ex7.py:12 > Инициализируем серве socketio
2024-03-13 19:08:37,621 - [INFO | ex7.py:14 > Инициализируем asgi приложение socketio
2024-03-13 19:08:37,621 - [INFO | ex7.py:17 > Создаем счетчик пользователей
2024-03-13 19:09:33,015 - [INFO | ex7.py:28 > Отдаем счетчик пользователей
2024-03-13 19:40:51,543 - [INFO | ex7.py:10 > Инициализируем FastApp приложение
2024-03-13 19:40:51,544 - [INFO | ex7.py:12 > Инициализируем серве socketio
2024-03-13 19:40:51,544 - [INFO | ex7.py:14 > Инициализируем asgi приложение socketio
2024-03-13 19:40:51,544 - [INFO | ex7.py:17 > Создаем счетчик пользователей
2024-03-13 19:40:57,871 - [INFO | ex7.py:28 > Отдаем счетчик пользователей
2024-03-13 19:41:03,396 - [INFO | ex7.py:22 > Меняем счетчик пользователей
2024-03-13 19:41:06,028 - [INFO | ex7.py:28 > Отдаем счетчик пользователей
2024-03-13 19:41:10,028 - [INFO | ex7.py:22 > Меняем счетчик пользователей
2024-03-13 19:41:11,168 - [INFO | ex7.py:28 > Отдаем счетчик пользователей
2024-03-13 20:23:27,378 - [INFO | practica4.py:11 > Инициализируем приложение FastApi
2024-03-13 20:23:39,204 - [INFO | practica4.py:11 > Инициализируем приложение FastApi
2024-03-13 20:23:39,205 - [INFO | practica4.py:13 > Инициализируем асинхронный сокет сервер
2024-03-13 20:23:39,205 - [INFO | practica4.py:15 > Поднимаем приложение socketio
2024-03-13 20:23:39,205 - [INFO | practica4.py:36 > Поднимаем асинхронный веб сервер
2024-03-13 20:24:15,456 - [INFO | practica4.py:11 > Инициализируем приложение FastApi
2024-03-13 20:24:15,456 - [INFO | practica4.py:13 > Инициализируем асинхронный сокет сервер
2024-03-13 20:24:15,456 - [INFO | practica4.py:15 > Поднимаем приложение socketio
2024-03-13 20:24:15,456 - [INFO | practica4.py:36 > Поднимаем асинхронный веб сервер
2024-03-13 20:25:29,091 - [INFO | practica4.py:11 > Инициализируем приложение FastApi
2024-03-13 20:25:29,091 - [INFO | practica4.py:13 > Инициализируем асинхронный сокет сервер
2024-03-13 20:25:29,091 - [INFO | practica4.py:15 > Поднимаем приложение socketio
2024-03-13 20:25:29,091 - [INFO | practica4.py:36 > Поднимаем асинхронный веб сервер
2024-03-13 20:25:31,515 - [INFO | practica4.py:33 > Отдаем список пользователю
2024-03-13 20:25:36,470 - [INFO | practica4.py:21 > Добавляем vRQxjPtKtGW-bQKuAAAB в список
2024-03-13 20:25:36,470 - [INFO | practica4.py:23 > Добавили идентификатор в список [[...]]
2024-03-13 20:25:37,500 - [INFO | practica4.py:33 > Отдаем список пользователю
2024-03-13 20:25:42,560 - [INFO | practica4.py:21 > Добавляем 4edOKrUQJU0gCI-mAAAD в список
2024-03-13 20:25:42,560 - [INFO | practica4.py:23 > Добавили идентификатор в список [[...], [...]]
2024-03-13 20:25:44,213 - [INFO | practica4.py:33 > Отдаем список пользователю
2024-03-13 20:25:47,172 - [INFO | practica4.py:27 > Удалили идентификатор [[...], [...]] из списка
2024-03-13 20:25:47,176 - [INFO | practica4.py:27 > Удалили идентификатор [[...], [...]] из списка
2024-03-13 20:26:07,180 - [INFO | practica4.py:11 > Инициализируем приложение FastApi
2024-03-13 20:26:07,180 - [INFO | practica4.py:13 > Инициализируем асинхронный сокет сервер
2024-03-13 20:26:07,180 - [INFO | practica4.py:15 > Поднимаем приложение socketio
2024-03-13 20:26:07,180 - [INFO | practica4.py:36 > Поднимаем асинхронный веб сервер
2024-03-13 20:26:08,511 - [INFO | practica4.py:33 > Отдаем список пользователю
2024-03-13 20:26:11,696 - [INFO | practica4.py:21 > Добавляем 76sB9q85JpLK_EVfAAAB в список
2024-03-13 20:26:11,696 - [INFO | practica4.py:23 > Добавили идентификатор в список [[...]]
2024-03-13 20:26:12,711 - [INFO | practica4.py:33 > Отдаем список пользователю
2024-03-13 20:26:13,997 - [INFO | practica4.py:33 > Отдаем список пользователю
2024-03-13 20:26:15,490 - [INFO | practica4.py:27 > Удалили идентификатор [[...]] из списка
2024-03-13 20:27:54,404 - [INFO | practica4.py:11 > Инициализируем приложение FastApi
2024-03-13 20:27:54,405 - [INFO | practica4.py:13 > Инициализируем асинхронный сокет сервер
2024-03-13 20:27:54,405 - [INFO | practica4.py:15 > Поднимаем приложение socketio
2024-03-13 20:27:54,405 - [INFO | practica4.py:36 > Поднимаем асинхронный веб сервер
2024-03-13 20:27:57,210 - [INFO | practica4.py:21 > Добавляем kf3hkBQ9lF4KYAwnAAAB в список
2024-03-13 20:27:57,211 - [INFO | practica4.py:23 > Добавили идентификатор в список [[...]]
2024-03-13 20:27:58,704 - [INFO | practica4.py:33 > Отдаем список пользователю
2024-03-13 20:28:58,890 - [INFO | practica4.py:27 > Удалили идентификатор [[...]] из списка
2024-03-13 20:30:16,395 - [INFO | practica4.py:11 > Инициализируем приложение FastApi
2024-03-13 20:30:16,396 - [INFO | practica4.py:13 > Инициализируем асинхронный сокет сервер
2024-03-13 20:30:16,396 - [INFO | practica4.py:15 > Поднимаем приложение socketio
2024-03-13 20:30:16,396 - [INFO | practica4.py:36 > Поднимаем асинхронный веб сервер
2024-03-13 20:30:19,723 - [INFO | practica4.py:21 > Добавляем NWhreGTlTg6MEvYdAAAB в список
2024-03-13 20:30:19,723 - [INFO | practica4.py:23 > Добавили идентификатор в список [[...]]
2024-03-13 20:30:23,400 - [INFO | practica4.py:33 > Отдаем список пользователю
2024-03-13 20:32:29,782 - [INFO | practica4.py:27 > Удалили идентификатор [[...]] из списка
2024-03-13 20:34:49,931 - [INFO | practica4.py:14 > Инициализируем приложение FastApi
2024-03-13 20:34:49,931 - [INFO | practica4.py:16 > Инициализируем асинхронный сокет сервер
2024-03-13 20:34:49,932 - [INFO | practica4.py:18 > Поднимаем приложение socketio
2024-03-13 20:34:49,932 - [INFO | practica4.py:39 > Поднимаем асинхронный веб сервер
2024-03-13 20:34:52,751 - [INFO | practica4.py:36 > Отдаем список пользователю
2024-03-13 20:34:59,759 - [INFO | practica4.py:24 > Добавляем upZ8IIWHt70GRJL_AAAB в список
2024-03-13 20:34:59,759 - [INFO | practica4.py:26 > Добавили идентификатор в список [[...]]
2024-03-13 20:35:01,487 - [INFO | practica4.py:36 > Отдаем список пользователю
2024-03-13 20:35:16,141 - [INFO | practica4.py:30 > Удалили идентификатор [[...]] из списка
2024-03-13 20:35:29,106 - [INFO | practica4.py:14 > Инициализируем приложение FastApi
2024-03-13 20:35:29,107 - [INFO | practica4.py:16 > Инициализируем асинхронный сокет сервер
2024-03-13 20:35:29,107 - [INFO | practica4.py:18 > Поднимаем приложение socketio
2024-03-13 20:35:29,107 - [INFO | practica4.py:39 > Поднимаем асинхронный веб сервер
2024-03-13 20:35:31,636 - [INFO | practica4.py:36 > Отдаем список пользователю
2024-03-13 20:35:33,656 - [INFO | practica4.py:24 > Добавляем LP2V_IzPJNBZ_sjfAAAB в список
2024-03-13 20:35:33,656 - [INFO | practica4.py:26 > Добавили идентификатор в список [[...]]
2024-03-13 20:35:34,845 - [INFO | practica4.py:36 > Отдаем список пользователю
2024-03-13 20:35:47,863 - [INFO | practica4.py:30 > Удалили идентификатор [[...]] из списка
2024-03-13 20:35:52,613 - [INFO | practica4.py:14 > Инициализируем приложение FastApi
2024-03-13 20:35:52,614 - [INFO | practica4.py:16 > Инициализируем асинхронный сокет сервер
2024-03-13 20:35:52,614 - [INFO | practica4.py:18 > Поднимаем приложение socketio
2024-03-13 20:35:52,614 - [INFO | practica4.py:39 > Поднимаем асинхронный веб сервер
2024-03-13 20:35:56,272 - [INFO | practica4.py:24 > Добавляем kj9RTTHcbq3ucpfbAAAB в список
2024-03-13 20:35:56,272 - [INFO | practica4.py:26 > Добавили идентификатор в список [[...]]
2024-03-13 20:36:00,835 - [INFO | practica4.py:30 > Удалили идентификатор [[...]] из списка
2024-03-13 20:36:16,962 - [INFO | practica4.py:14 > Инициализируем приложение FastApi
2024-03-13 20:36:16,962 - [INFO | practica4.py:16 > Инициализируем асинхронный сокет сервер
2024-03-13 20:36:16,962 - [INFO | practica4.py:18 > Поднимаем приложение socketio
2024-03-13 20:36:16,963 - [INFO | practica4.py:39 > Поднимаем асинхронный веб сервер
2024-03-13 20:36:19,588 - [INFO | practica4.py:24 > Добавляем 6pIKgWpKSmhbxe_BAAAB в список
2024-03-13 20:36:19,588 - [INFO | practica4.py:26 > Добавили идентификатор в список ['6pIKgWpKSmhbxe_BAAAB']
2024-03-13 20:36:20,573 - [INFO | practica4.py:36 > Отдаем список пользователю
2024-03-13 20:36:26,811 - [INFO | practica4.py:30 > Удалили идентификатор ['6pIKgWpKSmhbxe_BAAAB'] из списка
2024-03-13 20:36:26,811 - [INFO | practica4.py:32 > список такой []
2024-03-13 20:36:48,312 - [INFO | practica4.py:14 > Инициализируем приложение FastApi
2024-03-13 20:36:48,312 - [INFO | practica4.py:16 > Инициализируем асинхронный сокет сервер
2024-03-13 20:36:48,312 - [INFO | practica4.py:18 > Поднимаем приложение socketio
2024-03-13 20:36:48,313 - [INFO | practica4.py:39 > Поднимаем асинхронный веб сервер
2024-03-13 20:36:50,329 - [INFO | practica4.py:36 > Отдаем список пользователю
2024-03-13 20:36:52,280 - [INFO | practica4.py:24 > Добавляем tb2WnmAJx5CfXoJ4AAAB в список
2024-03-13 20:36:52,280 - [INFO | practica4.py:26 > Добавили идентификатор в список ['tb2WnmAJx5CfXoJ4AAAB']
2024-03-13 20:36:53,031 - [INFO | practica4.py:36 > Отдаем список пользователю
2024-03-13 20:36:56,590 - [INFO | practica4.py:24 > Добавляем 3cvM3Lq1vL_kH2grAAAD в список
2024-03-13 20:36:56,590 - [INFO | practica4.py:26 > Добавили идентификатор в список ['tb2WnmAJx5CfXoJ4AAAB', '3cvM3Lq1vL_kH2grAAAD']
2024-03-13 20:36:57,729 - [INFO | practica4.py:36 > Отдаем список пользователю
2024-03-13 20:39:12,555 - [INFO | practica4.py:30 > Удалили идентификатор ['tb2WnmAJx5CfXoJ4AAAB', '3cvM3Lq1vL_kH2grAAAD'] из списка
2024-03-13 20:39:12,556 - [INFO | practica4.py:32 > список такой ['3cvM3Lq1vL_kH2grAAAD']
2024-03-13 20:39:12,556 - [INFO | practica4.py:30 > Удалили идентификатор ['3cvM3Lq1vL_kH2grAAAD'] из списка
2024-03-13 20:39:12,556 - [INFO | practica4.py:32 > список такой []
